{
  "RSpec": {
    "coverage": {
      "/Users/martinnasierowski/Documents/chimera/spec/models/address_spec.rb": [
        1,
        null,
        1,
        1,
        null,
        2,
        null,
        null,
        1,
        null,
        1,
        10,
        10,
        null,
        1,
        1,
        1,
        1,
        null,
        1,
        4,
        null,
        1,
        1,
        1,
        null,
        null,
        1,
        1,
        1,
        null,
        null,
        1,
        1,
        1,
        null,
        null,
        null,
        null,
        null,
        1,
        1,
        1,
        1,
        null,
        null,
        1,
        1,
        1,
        null,
        null,
        1,
        1,
        1,
        null,
        null,
        1,
        1,
        1,
        null,
        null,
        1,
        1,
        1,
        1,
        null,
        null,
        null,
        null,
        1,
        4,
        4,
        null,
        1,
        1,
        1,
        1,
        null,
        null,
        1,
        1,
        1,
        null,
        null,
        null,
        1,
        1,
        1,
        1,
        1,
        null,
        null,
        null,
        null,
        null,
        1,
        3,
        3,
        null,
        1,
        1,
        1,
        1,
        null,
        null,
        null,
        1,
        1,
        1,
        1,
        null,
        null,
        null,
        null,
        null
      ],
      "/Users/martinnasierowski/Documents/chimera/spec/rails_helper.rb": [
        null,
        1,
        1,
        1,
        null,
        1,
        1,
        null,
        null,
        null,
        null,
        null,
        null,
        null,
        null,
        null,
        null,
        null,
        null,
        null,
        null,
        null,
        null,
        null,
        null,
        null,
        null,
        1,
        null,
        0,
        0,
        null,
        1,
        null,
        1,
        1,
        1,
        null,
        null,
        1,
        40,
        40,
        null,
        null,
        null,
        1,
        null,
        null,
        null,
        null,
        1,
        null,
        null,
        null,
        null,
        null,
        null,
        null,
        null,
        null,
        null,
        null,
        null,
        null,
        null,
        1,
        null,
        null,
        1,
        null,
        null,
        null,
        1,
        1,
        1,
        1,
        null,
        null,
        null
      ],
      "/Users/martinnasierowski/Documents/chimera/config/environment.rb": [
        null,
        1,
        null,
        null,
        1
      ],
      "/Users/martinnasierowski/Documents/chimera/config/application.rb": [
        1,
        null,
        1,
        null,
        null,
        null,
        1,
        null,
        1,
        1,
        null,
        1,
        null,
        null,
        null,
        null,
        null,
        null,
        null
      ],
      "/Users/martinnasierowski/Documents/chimera/config/boot.rb": [
        1,
        null,
        1,
        1
      ],
      "/Users/martinnasierowski/Documents/chimera/config/environments/test.rb": [
        1,
        null,
        null,
        null,
        null,
        null,
        null,
        1,
        null,
        null,
        null,
        null,
        1,
        null,
        null,
        1,
        1,
        null,
        null,
        null,
        null,
        1,
        1,
        null,
        null,
        1,
        null,
        null,
        1,
        null,
        null,
        1,
        null,
        1,
        null,
        null,
        null,
        null,
        1,
        null,
        null,
        1,
        null,
        null,
        null,
        null
      ],
      "/Users/martinnasierowski/Documents/chimera/config/initializers/application_controller_renderer.rb": [
        null,
        null,
        null,
        null,
        null,
        null,
        null,
        null
      ],
      "/Users/martinnasierowski/Documents/chimera/config/initializers/assets.rb": [
        null,
        null,
        null,
        1,
        null,
        null,
        null,
        null,
        1,
        null,
        null,
        null,
        null,
        null
      ],
      "/Users/martinnasierowski/Documents/chimera/config/initializers/backtrace_silencers.rb": [
        null,
        null,
        null,
        null,
        null,
        null,
        null
      ],
      "/Users/martinnasierowski/Documents/chimera/config/initializers/content_security_policy.rb": [
        null,
        null,
        null,
        null,
        null,
        null,
        null,
        null,
        null,
        null,
        null,
        null,
        null,
        null,
        null,
        null,
        null,
        null,
        null,
        null,
        null,
        null,
        null,
        null,
        null
      ],
      "/Users/martinnasierowski/Documents/chimera/config/initializers/cookies_serializer.rb": [
        null,
        null,
        null,
        null,
        1
      ],
      "/Users/martinnasierowski/Documents/chimera/config/initializers/filter_parameter_logging.rb": [
        null,
        null,
        null,
        1
      ],
      "/Users/martinnasierowski/Documents/chimera/config/initializers/inflections.rb": [
        null,
        null,
        null,
        null,
        null,
        null,
        null,
        null,
        null,
        null,
        null,
        null,
        null,
        null,
        null,
        null
      ],
      "/Users/martinnasierowski/Documents/chimera/config/initializers/mime_types.rb": [
        null,
        null,
        null,
        null
      ],
      "/Users/martinnasierowski/Documents/chimera/config/initializers/validates_timeliness.rb": [
        1,
        null,
        1,
        null,
        null,
        null,
        null,
        null,
        null,
        null,
        null,
        null,
        null,
        null,
        null,
        null,
        null,
        null,
        null,
        null,
        null,
        null,
        null,
        null,
        null,
        null,
        null,
        null,
        null,
        null,
        null,
        null,
        null,
        null,
        null,
        null,
        null,
        null,
        null,
        null
      ],
      "/Users/martinnasierowski/Documents/chimera/config/initializers/wrap_parameters.rb": [
        null,
        null,
        null,
        null,
        null,
        null,
        1,
        2,
        null,
        null,
        null,
        null,
        null,
        null
      ],
      "/Users/martinnasierowski/Documents/chimera/config/routes.rb": [
        1,
        null,
        null,
        1,
        1,
        null
      ],
      "/Users/martinnasierowski/Documents/chimera/app/helpers/application_helper.rb": [
        1,
        null
      ],
      "/Users/martinnasierowski/Documents/chimera/app/helpers/users_helper.rb": [
        1,
        null
      ],
      "/Users/martinnasierowski/Documents/chimera/app/models/address.rb": [
        1,
        null,
        1,
        1,
        1,
        1,
        1,
        null,
        1,
        null,
        1,
        48,
        43,
        2,
        null,
        43,
        4,
        null,
        43,
        4,
        null,
        43,
        4,
        null,
        null,
        null,
        null,
        1,
        48,
        null,
        25,
        null,
        25,
        8,
        null,
        17,
        null,
        null,
        null
      ],
      "/Users/martinnasierowski/Documents/chimera/app/models/application_record.rb": [
        1,
        1,
        null
      ],
      "/Users/martinnasierowski/Documents/chimera/spec/models/company_spec.rb": [
        1,
        null,
        1,
        1,
        2,
        2,
        null,
        null,
        1,
        2,
        null,
        null,
        1,
        2,
        null,
        null
      ],
      "/Users/martinnasierowski/Documents/chimera/app/models/company.rb": [
        1,
        1,
        1,
        1,
        1,
        null
      ],
      "/Users/martinnasierowski/Documents/chimera/spec/models/user_spec.rb": [
        1,
        null,
        1,
        1,
        2,
        2,
        null,
        null,
        1,
        1,
        1,
        1,
        1,
        null,
        null,
        2,
        2,
        2,
        null,
        1,
        3,
        null,
        1,
        1,
        1,
        5,
        5,
        null,
        null,
        null,
        1,
        1,
        1,
        4,
        4,
        null,
        null,
        null,
        null,
        1,
        3,
        null,
        1,
        1,
        1,
        2,
        2,
        null,
        null,
        null,
        1,
        1,
        1,
        7,
        7,
        null,
        null,
        null,
        null,
        2,
        2,
        null,
        1,
        8,
        8,
        null,
        1,
        1,
        1,
        1,
        null,
        null,
        1,
        1,
        1,
        null,
        null,
        1,
        1,
        1,
        null,
        null,
        1,
        1,
        1,
        null,
        null,
        1,
        1,
        1,
        null,
        null,
        1,
        1,
        1,
        1,
        null,
        null,
        1,
        1,
        1,
        1,
        null,
        null,
        null,
        null,
        null,
        null,
        null,
        1,
        2,
        2,
        null,
        null
      ],
      "/Users/martinnasierowski/Documents/chimera/app/models/user.rb": [
        1,
        1,
        1,
        null,
        1,
        1,
        1,
        null,
        1,
        null,
        null,
        null,
        1,
        1,
        null,
        6,
        null,
        1,
        null,
        1,
        null,
        1,
        null,
        1,
        67,
        null,
        5,
        5,
        null,
        5,
        2,
        null,
        null,
        null
      ]
    },
    "timestamp": 1561902819
  }
}
